Analysis & Synthesis report for VLSI_Project
Thu Jan 11 05:13:15 2024
Quartus II 64-Bit Version 13.1.0 Build 162 10/23/2013 SJ Web Edition


---------------------
; Table of Contents ;
---------------------
  1. Legal Notice
  2. Analysis & Synthesis Summary
  3. Analysis & Synthesis Settings
  4. Parallel Compilation
  5. Analysis & Synthesis Source Files Read
  6. Analysis & Synthesis Resource Usage Summary
  7. Analysis & Synthesis Resource Utilization by Entity
  8. State Machine - |Traffic_Control|state_reg
  9. User-Specified and Inferred Latches
 10. Registers Removed During Synthesis
 11. General Register Statistics
 12. Inverted Register Statistics
 13. Multiplexer Restructuring Statistics (Restructuring Performed)
 14. Parameter Settings for User Entity Instance: counterr:m0|counter_modk:C0
 15. Parameter Settings for User Entity Instance: counterr:m0|counter_modk:C1
 16. Parameter Settings for User Entity Instance: counterr:m0|counter_modk:C2
 17. Parameter Settings for User Entity Instance: counterr:m0|counter_divider_9_2:C4
 18. Port Connectivity Checks: "counterr:m0|counter_modk:C2"
 19. Port Connectivity Checks: "counterr:m0|counter_modk:C1"
 20. Port Connectivity Checks: "counterr:m0|counter_modk:C0"
 21. Elapsed Time Per Partition
 22. Analysis & Synthesis Messages



----------------
; Legal Notice ;
----------------
Copyright (C) 1991-2013 Altera Corporation
Your use of Altera Corporation's design tools, logic functions 
and other software and tools, and its AMPP partner logic 
functions, and any output files from any of the foregoing 
(including device programming or simulation files), and any 
associated documentation or information are expressly subject 
to the terms and conditions of the Altera Program License 
Subscription Agreement, Altera MegaCore Function License 
Agreement, or other applicable license agreement, including, 
without limitation, that your use is for the sole purpose of 
programming logic devices manufactured by Altera and sold by 
Altera or its authorized distributors.  Please refer to the 
applicable agreement for further details.



+---------------------------------------------------------------------------------+
; Analysis & Synthesis Summary                                                    ;
+------------------------------------+--------------------------------------------+
; Analysis & Synthesis Status        ; Successful - Thu Jan 11 05:13:15 2024      ;
; Quartus II 64-Bit Version          ; 13.1.0 Build 162 10/23/2013 SJ Web Edition ;
; Revision Name                      ; VLSI_Project                               ;
; Top-level Entity Name              ; Traffic_Control                            ;
; Family                             ; Cyclone III                                ;
; Total logic elements               ; 111                                        ;
;     Total combinational functions  ; 109                                        ;
;     Dedicated logic registers      ; 63                                         ;
; Total registers                    ; 63                                         ;
; Total pins                         ; 19                                         ;
; Total virtual pins                 ; 0                                          ;
; Total memory bits                  ; 0                                          ;
; Embedded Multiplier 9-bit elements ; 0                                          ;
; Total PLLs                         ; 0                                          ;
+------------------------------------+--------------------------------------------+


+----------------------------------------------------------------------------------------------------------------------+
; Analysis & Synthesis Settings                                                                                        ;
+----------------------------------------------------------------------------+--------------------+--------------------+
; Option                                                                     ; Setting            ; Default Value      ;
+----------------------------------------------------------------------------+--------------------+--------------------+
; Device                                                                     ; EP3C120F780C7      ;                    ;
; Top-level entity name                                                      ; Traffic_Control    ; VLSI_Project       ;
; Family name                                                                ; Cyclone III        ; Cyclone IV GX      ;
; Use smart compilation                                                      ; Off                ; Off                ;
; Enable parallel Assembler and TimeQuest Timing Analyzer during compilation ; On                 ; On                 ;
; Enable compact report table                                                ; Off                ; Off                ;
; Restructure Multiplexers                                                   ; Auto               ; Auto               ;
; Create Debugging Nodes for IP Cores                                        ; Off                ; Off                ;
; Preserve fewer node names                                                  ; On                 ; On                 ;
; Disable OpenCore Plus hardware evaluation                                  ; Off                ; Off                ;
; Verilog Version                                                            ; Verilog_2001       ; Verilog_2001       ;
; VHDL Version                                                               ; VHDL_1993          ; VHDL_1993          ;
; State Machine Processing                                                   ; Auto               ; Auto               ;
; Safe State Machine                                                         ; Off                ; Off                ;
; Extract Verilog State Machines                                             ; On                 ; On                 ;
; Extract VHDL State Machines                                                ; On                 ; On                 ;
; Ignore Verilog initial constructs                                          ; Off                ; Off                ;
; Iteration limit for constant Verilog loops                                 ; 5000               ; 5000               ;
; Iteration limit for non-constant Verilog loops                             ; 250                ; 250                ;
; Add Pass-Through Logic to Inferred RAMs                                    ; On                 ; On                 ;
; Infer RAMs from Raw Logic                                                  ; On                 ; On                 ;
; Parallel Synthesis                                                         ; On                 ; On                 ;
; DSP Block Balancing                                                        ; Auto               ; Auto               ;
; NOT Gate Push-Back                                                         ; On                 ; On                 ;
; Power-Up Don't Care                                                        ; On                 ; On                 ;
; Remove Redundant Logic Cells                                               ; Off                ; Off                ;
; Remove Duplicate Registers                                                 ; On                 ; On                 ;
; Ignore CARRY Buffers                                                       ; Off                ; Off                ;
; Ignore CASCADE Buffers                                                     ; Off                ; Off                ;
; Ignore GLOBAL Buffers                                                      ; Off                ; Off                ;
; Ignore ROW GLOBAL Buffers                                                  ; Off                ; Off                ;
; Ignore LCELL Buffers                                                       ; Off                ; Off                ;
; Ignore SOFT Buffers                                                        ; On                 ; On                 ;
; Limit AHDL Integers to 32 Bits                                             ; Off                ; Off                ;
; Optimization Technique                                                     ; Balanced           ; Balanced           ;
; Carry Chain Length                                                         ; 70                 ; 70                 ;
; Auto Carry Chains                                                          ; On                 ; On                 ;
; Auto Open-Drain Pins                                                       ; On                 ; On                 ;
; Perform WYSIWYG Primitive Resynthesis                                      ; Off                ; Off                ;
; Auto ROM Replacement                                                       ; On                 ; On                 ;
; Auto RAM Replacement                                                       ; On                 ; On                 ;
; Auto DSP Block Replacement                                                 ; On                 ; On                 ;
; Auto Shift Register Replacement                                            ; Auto               ; Auto               ;
; Allow Shift Register Merging across Hierarchies                            ; Auto               ; Auto               ;
; Auto Clock Enable Replacement                                              ; On                 ; On                 ;
; Strict RAM Replacement                                                     ; Off                ; Off                ;
; Allow Synchronous Control Signals                                          ; On                 ; On                 ;
; Force Use of Synchronous Clear Signals                                     ; Off                ; Off                ;
; Auto RAM Block Balancing                                                   ; On                 ; On                 ;
; Auto RAM to Logic Cell Conversion                                          ; Off                ; Off                ;
; Auto Resource Sharing                                                      ; Off                ; Off                ;
; Allow Any RAM Size For Recognition                                         ; Off                ; Off                ;
; Allow Any ROM Size For Recognition                                         ; Off                ; Off                ;
; Allow Any Shift Register Size For Recognition                              ; Off                ; Off                ;
; Use LogicLock Constraints during Resource Balancing                        ; On                 ; On                 ;
; Ignore translate_off and synthesis_off directives                          ; Off                ; Off                ;
; Timing-Driven Synthesis                                                    ; On                 ; On                 ;
; Report Parameter Settings                                                  ; On                 ; On                 ;
; Report Source Assignments                                                  ; On                 ; On                 ;
; Report Connectivity Checks                                                 ; On                 ; On                 ;
; Ignore Maximum Fan-Out Assignments                                         ; Off                ; Off                ;
; Synchronization Register Chain Length                                      ; 2                  ; 2                  ;
; PowerPlay Power Optimization                                               ; Normal compilation ; Normal compilation ;
; HDL message level                                                          ; Level2             ; Level2             ;
; Suppress Register Optimization Related Messages                            ; Off                ; Off                ;
; Number of Removed Registers Reported in Synthesis Report                   ; 5000               ; 5000               ;
; Number of Swept Nodes Reported in Synthesis Report                         ; 5000               ; 5000               ;
; Number of Inverted Registers Reported in Synthesis Report                  ; 100                ; 100                ;
; Clock MUX Protection                                                       ; On                 ; On                 ;
; Auto Gated Clock Conversion                                                ; Off                ; Off                ;
; Block Design Naming                                                        ; Auto               ; Auto               ;
; SDC constraint protection                                                  ; Off                ; Off                ;
; Synthesis Effort                                                           ; Auto               ; Auto               ;
; Shift Register Replacement - Allow Asynchronous Clear Signal               ; On                 ; On                 ;
; Pre-Mapping Resynthesis Optimization                                       ; Off                ; Off                ;
; Analysis & Synthesis Message Level                                         ; Medium             ; Medium             ;
; Disable Register Merging Across Hierarchies                                ; Auto               ; Auto               ;
; Resource Aware Inference For Block RAM                                     ; On                 ; On                 ;
; Synthesis Seed                                                             ; 1                  ; 1                  ;
+----------------------------------------------------------------------------+--------------------+--------------------+


Parallel compilation was disabled, but you have multiple processors available. Enable parallel compilation to reduce compilation time.
+-------------------------------------+
; Parallel Compilation                ;
+----------------------------+--------+
; Processors                 ; Number ;
+----------------------------+--------+
; Number detected on machine ; 4      ;
; Maximum allowed            ; 1      ;
+----------------------------+--------+


+----------------------------------------------------------------------------------------------------------------------------------------------------+
; Analysis & Synthesis Source Files Read                                                                                                             ;
+----------------------------------+-----------------+------------------------+------------------------------------------------------------+---------+
; File Name with User-Entered Path ; Used in Netlist ; File Type              ; File Name with Absolute Path                               ; Library ;
+----------------------------------+-----------------+------------------------+------------------------------------------------------------+---------+
; Traffic_Control.v                ; yes             ; User Verilog HDL File  ; C:/Users/admin/Desktop/traffic light/Traffic_Control.v     ;         ;
; counterr.v                       ; yes             ; User Verilog HDL File  ; C:/Users/admin/Desktop/traffic light/counterr.v            ;         ;
; counter_modk.v                   ; yes             ; User Verilog HDL File  ; C:/Users/admin/Desktop/traffic light/counter_modk.v        ;         ;
; counter_divider_9_2.v            ; yes             ; User Verilog HDL File  ; C:/Users/admin/Desktop/traffic light/counter_divider_9_2.v ;         ;
; b2d_ssd.v                        ; yes             ; User Verilog HDL File  ; C:/Users/admin/Desktop/traffic light/b2d_ssd.v             ;         ;
+----------------------------------+-----------------+------------------------+------------------------------------------------------------+---------+


+---------------------------------------------------------+
; Analysis & Synthesis Resource Usage Summary             ;
+---------------------------------------------+-----------+
; Resource                                    ; Usage     ;
+---------------------------------------------+-----------+
; Estimated Total logic elements              ; 111       ;
;                                             ;           ;
; Total combinational functions               ; 109       ;
; Logic element usage by number of LUT inputs ;           ;
;     -- 4 input functions                    ; 41        ;
;     -- 3 input functions                    ; 19        ;
;     -- <=2 input functions                  ; 49        ;
;                                             ;           ;
; Logic elements by mode                      ;           ;
;     -- normal mode                          ; 80        ;
;     -- arithmetic mode                      ; 29        ;
;                                             ;           ;
; Total registers                             ; 63        ;
;     -- Dedicated logic registers            ; 63        ;
;     -- I/O registers                        ; 0         ;
;                                             ;           ;
; I/O pins                                    ; 19        ;
; Embedded Multiplier 9-bit elements          ; 0         ;
; Maximum fan-out node                        ; WideOr0~0 ;
; Maximum fan-out                             ; 49        ;
; Total fan-out                               ; 542       ;
; Average fan-out                             ; 2.58      ;
+---------------------------------------------+-----------+


+-----------------------------------------------------------------------------------------------------------------------------------------------------------------------------------------------------------------+
; Analysis & Synthesis Resource Utilization by Entity                                                                                                                                                             ;
+--------------------------------+-------------------+--------------+-------------+--------------+---------+-----------+------+--------------+-----------------------------------------------------+--------------+
; Compilation Hierarchy Node     ; LC Combinationals ; LC Registers ; Memory Bits ; DSP Elements ; DSP 9x9 ; DSP 18x18 ; Pins ; Virtual Pins ; Full Hierarchy Name                                 ; Library Name ;
+--------------------------------+-------------------+--------------+-------------+--------------+---------+-----------+------+--------------+-----------------------------------------------------+--------------+
; |Traffic_Control               ; 109 (23)          ; 63 (9)       ; 0           ; 0            ; 0       ; 0         ; 19   ; 0            ; |Traffic_Control                                    ; work         ;
;    |counterr:m0|               ; 86 (27)           ; 54 (15)      ; 0           ; 0            ; 0       ; 0         ; 0    ; 0            ; |Traffic_Control|counterr:m0                        ; work         ;
;       |b2d_ssd:H0|             ; 6 (6)             ; 0 (0)        ; 0           ; 0            ; 0       ; 0         ; 0    ; 0            ; |Traffic_Control|counterr:m0|b2d_ssd:H0             ; work         ;
;       |b2d_ssd:H1|             ; 6 (6)             ; 0 (0)        ; 0           ; 0            ; 0       ; 0         ; 0    ; 0            ; |Traffic_Control|counterr:m0|b2d_ssd:H1             ; work         ;
;       |counter_divider_9_2:C4| ; 6 (6)             ; 6 (6)        ; 0           ; 0            ; 0       ; 0         ; 0    ; 0            ; |Traffic_Control|counterr:m0|counter_divider_9_2:C4 ; work         ;
;       |counter_modk:C0|        ; 26 (26)           ; 25 (25)      ; 0           ; 0            ; 0       ; 0         ; 0    ; 0            ; |Traffic_Control|counterr:m0|counter_modk:C0        ; work         ;
;       |counter_modk:C1|        ; 9 (9)             ; 4 (4)        ; 0           ; 0            ; 0       ; 0         ; 0    ; 0            ; |Traffic_Control|counterr:m0|counter_modk:C1        ; work         ;
;       |counter_modk:C2|        ; 6 (6)             ; 4 (4)        ; 0           ; 0            ; 0       ; 0         ; 0    ; 0            ; |Traffic_Control|counterr:m0|counter_modk:C2        ; work         ;
+--------------------------------+-------------------+--------------+-------------+--------------+---------+-----------+------+--------------+-----------------------------------------------------+--------------+
Note: For table entries with two numbers listed, the numbers in parentheses indicate the number of resources of the given type used by the specific entity alone. The numbers listed outside of parentheses indicate the total resources of the given type used by the specific entity and all of its sub-entities in the hierarchy.


Encoding Type:  One-Hot
+------------------------------------------------------------------------------------------------------------------------------------------------------------------------------------------------------------------------------------------------------------------------------------------------------------------+
; State Machine - |Traffic_Control|state_reg                                                                                                                                                                                                                                                                       ;
+--------------------------------------+-------------------------------------+-------------------------------+------------------------------+-----------------------------+--------------------+---------------------+------------------------------+-----------------------+--------------------------------------+
; Name                                 ; state_reg.COUNTER_RESET_YELLOW_EAST ; state_reg.COUNTER_RESET_NORTH ; state_reg.COUNTER_RESET_EAST ; state_reg.YELLOW_STATE_EAST ; state_reg.CAR_EAST ; state_reg.CAR_NORTH ; state_reg.YELLOW_STATE_NORTH ; state_reg.RESET_STATE ; state_reg.COUNTER_RESET_YELLOW_NORTH ;
+--------------------------------------+-------------------------------------+-------------------------------+------------------------------+-----------------------------+--------------------+---------------------+------------------------------+-----------------------+--------------------------------------+
; state_reg.RESET_STATE                ; 0                                   ; 0                             ; 0                            ; 0                           ; 0                  ; 0                   ; 0                            ; 0                     ; 0                                    ;
; state_reg.YELLOW_STATE_NORTH         ; 0                                   ; 0                             ; 0                            ; 0                           ; 0                  ; 0                   ; 1                            ; 1                     ; 0                                    ;
; state_reg.CAR_NORTH                  ; 0                                   ; 0                             ; 0                            ; 0                           ; 0                  ; 1                   ; 0                            ; 1                     ; 0                                    ;
; state_reg.CAR_EAST                   ; 0                                   ; 0                             ; 0                            ; 0                           ; 1                  ; 0                   ; 0                            ; 1                     ; 0                                    ;
; state_reg.YELLOW_STATE_EAST          ; 0                                   ; 0                             ; 0                            ; 1                           ; 0                  ; 0                   ; 0                            ; 1                     ; 0                                    ;
; state_reg.COUNTER_RESET_EAST         ; 0                                   ; 0                             ; 1                            ; 0                           ; 0                  ; 0                   ; 0                            ; 1                     ; 0                                    ;
; state_reg.COUNTER_RESET_NORTH        ; 0                                   ; 1                             ; 0                            ; 0                           ; 0                  ; 0                   ; 0                            ; 1                     ; 0                                    ;
; state_reg.COUNTER_RESET_YELLOW_EAST  ; 1                                   ; 0                             ; 0                            ; 0                           ; 0                  ; 0                   ; 0                            ; 1                     ; 0                                    ;
; state_reg.COUNTER_RESET_YELLOW_NORTH ; 0                                   ; 0                             ; 0                            ; 0                           ; 0                  ; 0                   ; 0                            ; 1                     ; 1                                    ;
+--------------------------------------+-------------------------------------+-------------------------------+------------------------------+-----------------------------+--------------------+---------------------+------------------------------+-----------------------+--------------------------------------+


+---------------------------------------------------------------------------------------------------+
; User-Specified and Inferred Latches                                                               ;
+----------------------------------------------------+---------------------+------------------------+
; Latch Name                                         ; Latch Enable Signal ; Free of Timing Hazards ;
+----------------------------------------------------+---------------------+------------------------+
; state_next.CAR_NORTH_281                           ; Selector12          ; yes                    ;
; state_next.RESET_STATE_257                         ; Selector12          ; yes                    ;
; state_next.CAR_EAST_269                            ; Selector12          ; yes                    ;
; state_next.YELLOW_STATE_NORTH_293                  ; Selector12          ; yes                    ;
; state_next.YELLOW_STATE_EAST_305                   ; Selector12          ; yes                    ;
; state_next.COUNTER_RESET_YELLOW_EAST_221           ; Selector2           ; yes                    ;
; state_next.COUNTER_RESET_YELLOW_NORTH_209          ; Selector2           ; yes                    ;
; state_next.COUNTER_RESET_EAST_245                  ; Selector2           ; yes                    ;
; state_next.COUNTER_RESET_NORTH_233                 ; Selector2           ; yes                    ;
; Number of user-specified and inferred latches = 9  ;                     ;                        ;
+----------------------------------------------------+---------------------+------------------------+
Note: All latches listed above may not be present at the end of synthesis due to various synthesis optimizations.


+---------------------------------------------------------------------------------------------+
; Registers Removed During Synthesis                                                          ;
+---------------------------------------+-----------------------------------------------------+
; Register name                         ; Reason for Removal                                  ;
+---------------------------------------+-----------------------------------------------------+
; counterr:m0|counter_modk:C0|Q[0]      ; Merged with counterr:m0|counter_divider_9_2:C4|q[0] ;
; state_reg~4                           ; Lost fanout                                         ;
; state_reg~5                           ; Lost fanout                                         ;
; state_reg~6                           ; Lost fanout                                         ;
; Total Number of Removed Registers = 4 ;                                                     ;
+---------------------------------------+-----------------------------------------------------+


+------------------------------------------------------+
; General Register Statistics                          ;
+----------------------------------------------+-------+
; Statistic                                    ; Value ;
+----------------------------------------------+-------+
; Total registers                              ; 63    ;
; Number of registers using Synchronous Clear  ; 0     ;
; Number of registers using Synchronous Load   ; 0     ;
; Number of registers using Asynchronous Clear ; 54    ;
; Number of registers using Asynchronous Load  ; 0     ;
; Number of registers using Clock Enable       ; 17    ;
; Number of registers using Preset             ; 0     ;
+----------------------------------------------+-------+


+--------------------------------------------------+
; Inverted Register Statistics                     ;
+----------------------------------------+---------+
; Inverted Register                      ; Fan out ;
+----------------------------------------+---------+
; counterr:m0|counter_modk:C1|Q[0]       ; 12      ;
; counterr:m0|triggerp                   ; 3       ;
; counterr:m0|y1                         ; 1       ;
; counterr:m0|x1                         ; 1       ;
; Total number of inverted registers = 4 ;         ;
+----------------------------------------+---------+


+---------------------------------------------------------------------------------------------------------------------------------------------------+
; Multiplexer Restructuring Statistics (Restructuring Performed)                                                                                    ;
+--------------------+-----------+---------------+----------------------+------------------------+------------+-------------------------------------+
; Multiplexer Inputs ; Bus Width ; Baseline Area ; Area if Restructured ; Saving if Restructured ; Registered ; Example Multiplexer Output          ;
+--------------------+-----------+---------------+----------------------+------------------------+------------+-------------------------------------+
; 4:1                ; 7 bits    ; 14 LEs        ; 14 LEs               ; 0 LEs                  ; Yes        ; |Traffic_Control|counterr:m0|HEX[0] ;
+--------------------+-----------+---------------+----------------------+------------------------+------------+-------------------------------------+


+--------------------------------------------------------------------------+
; Parameter Settings for User Entity Instance: counterr:m0|counter_modk:C0 ;
+----------------+-------+-------------------------------------------------+
; Parameter Name ; Value ; Type                                            ;
+----------------+-------+-------------------------------------------------+
; n              ; 26    ; Signed Integer                                  ;
+----------------+-------+-------------------------------------------------+
Note: In order to hide this table in the UI and the text report file, please set the "Show Parameter Settings in Synthesis Report" option in "Analysis and Synthesis Settings -> More Settings" to "Off".


+--------------------------------------------------------------------------+
; Parameter Settings for User Entity Instance: counterr:m0|counter_modk:C1 ;
+----------------+-------+-------------------------------------------------+
; Parameter Name ; Value ; Type                                            ;
+----------------+-------+-------------------------------------------------+
; n              ; 4     ; Signed Integer                                  ;
+----------------+-------+-------------------------------------------------+
Note: In order to hide this table in the UI and the text report file, please set the "Show Parameter Settings in Synthesis Report" option in "Analysis and Synthesis Settings -> More Settings" to "Off".


+--------------------------------------------------------------------------+
; Parameter Settings for User Entity Instance: counterr:m0|counter_modk:C2 ;
+----------------+-------+-------------------------------------------------+
; Parameter Name ; Value ; Type                                            ;
+----------------+-------+-------------------------------------------------+
; n              ; 4     ; Signed Integer                                  ;
+----------------+-------+-------------------------------------------------+
Note: In order to hide this table in the UI and the text report file, please set the "Show Parameter Settings in Synthesis Report" option in "Analysis and Synthesis Settings -> More Settings" to "Off".


+---------------------------------------------------------------------------------+
; Parameter Settings for User Entity Instance: counterr:m0|counter_divider_9_2:C4 ;
+----------------+-------+--------------------------------------------------------+
; Parameter Name ; Value ; Type                                                   ;
+----------------+-------+--------------------------------------------------------+
; N              ; 6     ; Signed Integer                                         ;
+----------------+-------+--------------------------------------------------------+
Note: In order to hide this table in the UI and the text report file, please set the "Show Parameter Settings in Synthesis Report" option in "Analysis and Synthesis Settings -> More Settings" to "Off".


+---------------------------------------------------------+
; Port Connectivity Checks: "counterr:m0|counter_modk:C2" ;
+---------+-------+----------+----------------------------+
; Port    ; Type  ; Severity ; Details                    ;
+---------+-------+----------+----------------------------+
; k[3..2] ; Input ; Info     ; Stuck at GND               ;
; k[0]    ; Input ; Info     ; Stuck at GND               ;
+---------+-------+----------+----------------------------+


+---------------------------------------------------------+
; Port Connectivity Checks: "counterr:m0|counter_modk:C1" ;
+------+-------+----------+-------------------------------+
; Port ; Type  ; Severity ; Details                       ;
+------+-------+----------+-------------------------------+
; k[1] ; Input ; Info     ; Stuck at GND                  ;
; k[0] ; Input ; Info     ; Stuck at VCC                  ;
+------+-------+----------+-------------------------------+


+--------------------------------------------------------------------------------------------------------------------------------------------------------------------------------------------------------------+
; Port Connectivity Checks: "counterr:m0|counter_modk:C0"                                                                                                                                                      ;
+------+-------+----------+------------------------------------------------------------------------------------------------------------------------------------------------------------------------------------+
; Port ; Type  ; Severity ; Details                                                                                                                                                                            ;
+------+-------+----------+------------------------------------------------------------------------------------------------------------------------------------------------------------------------------------+
; k    ; Input ; Warning  ; Input port expression (32 bits) is wider than the input port (4 bits) it drives.  The 28 most-significant bit(s) in the expression will be dangling if they have no other fanouts. ;
; en   ; Input ; Info     ; Stuck at VCC                                                                                                                                                                       ;
+------+-------+----------+------------------------------------------------------------------------------------------------------------------------------------------------------------------------------------+


+-------------------------------+
; Elapsed Time Per Partition    ;
+----------------+--------------+
; Partition Name ; Elapsed Time ;
+----------------+--------------+
; Top            ; 00:00:00     ;
+----------------+--------------+


+-------------------------------+
; Analysis & Synthesis Messages ;
+-------------------------------+
Info: *******************************************************************
Info: Running Quartus II 64-Bit Analysis & Synthesis
    Info: Version 13.1.0 Build 162 10/23/2013 SJ Web Edition
    Info: Processing started: Thu Jan 11 05:13:14 2024
Info: Command: quartus_map --read_settings_files=on --write_settings_files=off VLSI_Project -c VLSI_Project
Warning (20028): Parallel compilation is not licensed and has been disabled
Info (12021): Found 1 design units, including 1 entities, in source file traffic_control.v
    Info (12023): Found entity 1: Traffic_Control
Info (12021): Found 1 design units, including 1 entities, in source file counterr.v
    Info (12023): Found entity 1: counterr
Info (12021): Found 1 design units, including 1 entities, in source file counter_modk.v
    Info (12023): Found entity 1: counter_modk
Info (12021): Found 1 design units, including 1 entities, in source file counter_divider_9_2.v
    Info (12023): Found entity 1: counter_divider_9_2
Info (12021): Found 1 design units, including 1 entities, in source file b2d_ssd.v
    Info (12023): Found entity 1: b2d_ssd
Warning (10236): Verilog HDL Implicit Net warning at Traffic_Control.v(12): created implicit net for "Done"
Info (12127): Elaborating entity "Traffic_Control" for the top level hierarchy
Warning (10240): Verilog HDL Always Construct warning at Traffic_Control.v(47): inferring latch(es) for variable "state_next", which holds its previous value in one or more paths through the always construct
Info (10041): Inferred latch for "state_next.COUNTER_RESET_YELLOW_NORTH" at Traffic_Control.v(47)
Info (10041): Inferred latch for "state_next.COUNTER_RESET_YELLOW_EAST" at Traffic_Control.v(47)
Info (10041): Inferred latch for "state_next.COUNTER_RESET_NORTH" at Traffic_Control.v(47)
Info (10041): Inferred latch for "state_next.COUNTER_RESET_EAST" at Traffic_Control.v(47)
Info (10041): Inferred latch for "state_next.RESET_STATE" at Traffic_Control.v(47)
Info (10041): Inferred latch for "state_next.CAR_EAST" at Traffic_Control.v(47)
Info (10041): Inferred latch for "state_next.CAR_NORTH" at Traffic_Control.v(47)
Info (10041): Inferred latch for "state_next.YELLOW_STATE_NORTH" at Traffic_Control.v(47)
Info (10041): Inferred latch for "state_next.YELLOW_STATE_EAST" at Traffic_Control.v(47)
Info (12128): Elaborating entity "counterr" for hierarchy "counterr:m0"
Info (12128): Elaborating entity "counter_modk" for hierarchy "counterr:m0|counter_modk:C0"
Info (12128): Elaborating entity "counter_modk" for hierarchy "counterr:m0|counter_modk:C1"
Info (12128): Elaborating entity "counter_divider_9_2" for hierarchy "counterr:m0|counter_divider_9_2:C4"
Warning (10230): Verilog HDL assignment warning at counter_divider_9_2.v(13): truncated value with size 32 to match size of target (6)
Info (12128): Elaborating entity "b2d_ssd" for hierarchy "counterr:m0|b2d_ssd:H1"
Warning (12241): 1 hierarchies have connectivity warnings - see the Connectivity Checks report folder
Warning (13012): Latch state_next.CAR_NORTH_281 has unsafe behavior
    Warning (13013): Ports D and ENA on the latch are fed by the same signal state_reg.CAR_NORTH
Warning (13012): Latch state_next.RESET_STATE_257 has unsafe behavior
    Warning (13013): Ports D and ENA on the latch are fed by the same signal state_reg.RESET_STATE
Warning (13012): Latch state_next.CAR_EAST_269 has unsafe behavior
    Warning (13013): Ports D and ENA on the latch are fed by the same signal state_reg.CAR_EAST
Warning (13012): Latch state_next.COUNTER_RESET_YELLOW_EAST_221 has unsafe behavior
    Warning (13013): Ports D and ENA on the latch are fed by the same signal state_reg.YELLOW_STATE_EAST
Warning (13012): Latch state_next.COUNTER_RESET_YELLOW_NORTH_209 has unsafe behavior
    Warning (13013): Ports D and ENA on the latch are fed by the same signal state_reg.YELLOW_STATE_NORTH
Warning (13012): Latch state_next.COUNTER_RESET_EAST_245 has unsafe behavior
    Warning (13013): Ports D and ENA on the latch are fed by the same signal state_reg.CAR_EAST
Warning (13012): Latch state_next.COUNTER_RESET_NORTH_233 has unsafe behavior
    Warning (13013): Ports D and ENA on the latch are fed by the same signal state_reg.CAR_NORTH
Info (13000): Registers with preset signals will power-up high
Info (13003): DEV_CLRn pin will set, and not reset, register with preset signal due to NOT Gate Push-Back
Warning (13004): Presettable and clearable registers converted to equivalent circuits with latches. Registers power-up to an undefined state, and DEVCLRn places the registers in an undefined state.
    Warning (13310): Register "counterr:m0|counter_modk:C1|Q[2]" is converted into an equivalent circuit using register "counterr:m0|counter_modk:C1|Q[2]~_emulated" and latch "counterr:m0|counter_modk:C1|Q[2]~1"
    Warning (13310): Register "counterr:m0|counter_modk:C1|Q[3]" is converted into an equivalent circuit using register "counterr:m0|counter_modk:C1|Q[3]~_emulated" and latch "counterr:m0|counter_modk:C1|Q[3]~5"
    Warning (13310): Register "counterr:m0|counter_modk:C2|Q[1]" is converted into an equivalent circuit using register "counterr:m0|counter_modk:C2|Q[1]~_emulated" and latch "counterr:m0|counter_modk:C2|Q[1]~1"
Info (286030): Timing-Driven Synthesis is running
Info (17049): 3 registers lost all their fanouts during netlist optimizations.
Info (16010): Generating hard_block partition "hard_block:auto_generated_inst"
    Info (16011): Adding 0 node(s), including 0 DDIO, 0 PLL, 0 transceiver and 0 LCELL
Info (21057): Implemented 139 device resources after synthesis - the final resource count might be different
    Info (21058): Implemented 4 input pins
    Info (21059): Implemented 15 output pins
    Info (21061): Implemented 120 logic cells
Info: Quartus II 64-Bit Analysis & Synthesis was successful. 0 errors, 23 warnings
    Info: Peak virtual memory: 483 megabytes
    Info: Processing ended: Thu Jan 11 05:13:15 2024
    Info: Elapsed time: 00:00:01
    Info: Total CPU time (on all processors): 00:00:01


